<component name="libraryTable">
  <library name="junit-4.11">
    <CLASSES>
      <root url="jar://$PROJECT_DIR$/TWU_Biblioteca-master/lib/junit-4.11.jar!/" />
      <root url="jar://$PROJECT_DIR$/TWU_Biblioteca-master/lib/mockito-core-3.4.6.jar!/" />
    </CLASSES>
    <JAVADOC />
    <SOURCES />
  </library>
</component>